<?xml version="1.0" encoding="UTF-8"?>
<testsuite xmlns:xsi="http://www.w3.org/2001/XMLSchema-instance" xsi:noNamespaceSchemaLocation="https://maven.apache.org/surefire/maven-surefire-plugin/xsd/surefire-test-report.xsd" version="3.0.2" name="com.yaz.ext.html.to.pdf.test.ExtHtmlToPdfTest" time="1.95" tests="1" errors="0" skipped="0" failures="0">
  <properties>
    <property name="java.specification.version" value="21"/>
    <property name="sun.jnu.encoding" value="UTF-8"/>
    <property name="java.class.path" value="/home/yaz/workspace/personal/quarkus/ext-html-to-pdf/deployment/target/test-classes:/home/yaz/workspace/personal/quarkus/ext-html-to-pdf/deployment/target/classes:/home/yaz/.m2/repository/io/quarkus/quarkus-arc-deployment/3.26.4/quarkus-arc-deployment-3.26.4.jar:/home/yaz/.m2/repository/io/quarkus/quarkus-core-deployment/3.26.4/quarkus-core-deployment-3.26.4.jar:/home/yaz/.m2/repository/io/quarkus/quarkus-classloader-commons/3.26.4/quarkus-classloader-commons-3.26.4.jar:/home/yaz/.m2/repository/org/aesh/readline/2.6/readline-2.6.jar:/home/yaz/.m2/repository/org/fusesource/jansi/jansi/2.4.0/jansi-2.4.0.jar:/home/yaz/.m2/repository/org/aesh/aesh/2.8.2/aesh-2.8.2.jar:/home/yaz/.m2/repository/org/apache/commons/commons-lang3/3.18.0/commons-lang3-3.18.0.jar:/home/yaz/.m2/repository/org/wildfly/common/wildfly-common/2.0.1/wildfly-common-2.0.1.jar:/home/yaz/.m2/repository/io/smallrye/common/smallrye-common-cpu/2.13.9/smallrye-common-cpu-2.13.9.jar:/home/yaz/.m2/repository/io/smallrye/common/smallrye-common-expression/2.13.9/smallrye-common-expression-2.13.9.jar:/home/yaz/.m2/repository/io/smallrye/common/smallrye-common-net/2.13.9/smallrye-common-net-2.13.9.jar:/home/yaz/.m2/repository/io/smallrye/common/smallrye-common-ref/2.13.9/smallrye-common-ref-2.13.9.jar:/home/yaz/.m2/repository/io/quarkus/gizmo/gizmo/1.9.0/gizmo-1.9.0.jar:/home/yaz/.m2/repository/org/ow2/asm/asm-util/9.8/asm-util-9.8.jar:/home/yaz/.m2/repository/org/ow2/asm/asm-analysis/9.8/asm-analysis-9.8.jar:/home/yaz/.m2/repository/io/quarkus/gizmo/gizmo2/2.0.0.Beta6/gizmo2-2.0.0.Beta6.jar:/home/yaz/.m2/repository/io/github/dmlloyd/jdk-classfile-backport/24.0/jdk-classfile-backport-24.0.jar:/home/yaz/.m2/repository/io/smallrye/common/smallrye-common-constraint/2.13.9/smallrye-common-constraint-2.13.9.jar:/home/yaz/.m2/repository/io/smallrye/common/smallrye-common-resource/2.13.9/smallrye-common-resource-2.13.9.jar:/home/yaz/.m2/repository/io/smallrye/jandex/3.4.0/jandex-3.4.0.jar:/home/yaz/.m2/repository/io/smallrye/jandex-gizmo2/3.4.0/jandex-gizmo2-3.4.0.jar:/home/yaz/.m2/repository/io/smallrye/common/smallrye-common-os/2.13.9/smallrye-common-os-2.13.9.jar:/home/yaz/.m2/repository/io/smallrye/common/smallrye-common-process/2.13.9/smallrye-common-process-2.13.9.jar:/home/yaz/.m2/repository/io/smallrye/common/smallrye-common-function/2.13.9/smallrye-common-function-2.13.9.jar:/home/yaz/.m2/repository/org/ow2/asm/asm/9.8/asm-9.8.jar:/home/yaz/.m2/repository/org/ow2/asm/asm-commons/9.8/asm-commons-9.8.jar:/home/yaz/.m2/repository/org/ow2/asm/asm-tree/9.8/asm-tree-9.8.jar:/home/yaz/.m2/repository/io/quarkus/quarkus-development-mode-spi/3.26.4/quarkus-development-mode-spi-3.26.4.jar:/home/yaz/.m2/repository/io/quarkus/quarkus-hibernate-validator-spi/3.26.4/quarkus-hibernate-validator-spi-3.26.4.jar:/home/yaz/.m2/repository/io/quarkus/quarkus-class-change-agent/3.26.4/quarkus-class-change-agent-3.26.4.jar:/home/yaz/.m2/repository/io/quarkus/quarkus-bootstrap-core/3.26.4/quarkus-bootstrap-core-3.26.4.jar:/home/yaz/.m2/repository/io/quarkus/quarkus-bootstrap-app-model/3.26.4/quarkus-bootstrap-app-model-3.26.4.jar:/home/yaz/.m2/repository/io/smallrye/common/smallrye-common-io/2.13.9/smallrye-common-io-2.13.9.jar:/home/yaz/.m2/repository/org/eclipse/sisu/org.eclipse.sisu.inject/0.9.0.M4/org.eclipse.sisu.inject-0.9.0.M4.jar:/home/yaz/.m2/repository/io/quarkus/quarkus-builder/3.26.4/quarkus-builder-3.26.4.jar:/home/yaz/.m2/repository/org/graalvm/sdk/nativeimage/23.1.2/nativeimage-23.1.2.jar:/home/yaz/.m2/repository/org/graalvm/sdk/word/23.1.2/word-23.1.2.jar:/home/yaz/.m2/repository/org/junit/platform/junit-platform-launcher/1.13.4/junit-platform-launcher-1.13.4.jar:/home/yaz/.m2/repository/org/junit/jupiter/junit-jupiter/5.13.4/junit-jupiter-5.13.4.jar:/home/yaz/.m2/repository/io/quarkus/quarkus-smallrye-context-propagation-spi/3.26.4/quarkus-smallrye-context-propagation-spi-3.26.4.jar:/home/yaz/.m2/repository/org/eclipse/microprofile/context-propagation/microprofile-context-propagation-api/1.3/microprofile-context-propagation-api-1.3.jar:/home/yaz/.m2/repository/io/quarkus/quarkus-devui-deployment-spi/3.26.4/quarkus-devui-deployment-spi-3.26.4.jar:/home/yaz/.m2/repository/io/quarkus/quarkus-arc/3.26.4/quarkus-arc-3.26.4.jar:/home/yaz/.m2/repository/io/quarkus/arc/arc/3.26.4/arc-3.26.4.jar:/home/yaz/.m2/repository/jakarta/transaction/jakarta.transaction-api/2.0.1/jakarta.transaction-api-2.0.1.jar:/home/yaz/.m2/repository/io/smallrye/reactive/mutiny/2.9.4/mutiny-2.9.4.jar:/home/yaz/.m2/repository/org/jctools/jctools-core/4.0.5/jctools-core-4.0.5.jar:/home/yaz/.m2/repository/io/quarkus/quarkus-arc-dev/3.26.4/quarkus-arc-dev-3.26.4.jar:/home/yaz/.m2/repository/io/quarkus/arc/arc-processor/3.26.4/arc-processor-3.26.4.jar:/home/yaz/.m2/repository/org/jboss/logging/jboss-logging/3.6.1.Final/jboss-logging-3.6.1.Final.jar:/home/yaz/.m2/repository/io/smallrye/common/smallrye-common-annotation/2.13.9/smallrye-common-annotation-2.13.9.jar:/home/yaz/.m2/repository/jakarta/annotation/jakarta.annotation-api/3.0.0/jakarta.annotation-api-3.0.0.jar:/home/yaz/.m2/repository/io/quarkiverse/pdfbox/quarkus-pdfbox-deployment/1.1.1/quarkus-pdfbox-deployment-1.1.1.jar:/home/yaz/.m2/repository/io/quarkiverse/pdfbox/quarkus-pdfbox/1.1.1/quarkus-pdfbox-1.1.1.jar:/home/yaz/.m2/repository/org/apache/pdfbox/pdfbox/3.0.5/pdfbox-3.0.5.jar:/home/yaz/.m2/repository/org/apache/pdfbox/pdfbox-io/3.0.5/pdfbox-io-3.0.5.jar:/home/yaz/.m2/repository/org/apache/pdfbox/fontbox/3.0.5/fontbox-3.0.5.jar:/home/yaz/.m2/repository/org/apache/pdfbox/pdfbox-tools/3.0.5/pdfbox-tools-3.0.5.jar:/home/yaz/.m2/repository/org/apache/pdfbox/pdfbox-debugger/3.0.5/pdfbox-debugger-3.0.5.jar:/home/yaz/.m2/repository/org/bouncycastle/bcpkix-jdk18on/1.81/bcpkix-jdk18on-1.81.jar:/home/yaz/.m2/repository/org/bouncycastle/bcutil-jdk18on/1.81/bcutil-jdk18on-1.81.jar:/home/yaz/.m2/repository/org/bouncycastle/bcprov-jdk18on/1.81/bcprov-jdk18on-1.81.jar:/home/yaz/.m2/repository/org/jboss/logging/commons-logging-jboss-logging/1.0.0.Final/commons-logging-jboss-logging-1.0.0.Final.jar:/home/yaz/.m2/repository/io/quarkus/quarkus-awt-deployment/3.26.4/quarkus-awt-deployment-3.26.4.jar:/home/yaz/.m2/repository/io/quarkus/quarkus-awt/3.26.4/quarkus-awt-3.26.4.jar:/home/yaz/workspace/personal/quarkus/ext-html-to-pdf/runtime/target/ext-html-to-pdf-1.0.0-SNAPSHOT.jar:/home/yaz/.m2/repository/io/quarkus/quarkus-core/3.26.4/quarkus-core-3.26.4.jar:/home/yaz/.m2/repository/jakarta/inject/jakarta.inject-api/2.0.1/jakarta.inject-api-2.0.1.jar:/home/yaz/.m2/repository/io/quarkus/quarkus-ide-launcher/3.26.4/quarkus-ide-launcher-3.26.4.jar:/home/yaz/.m2/repository/io/smallrye/config/smallrye-config/3.13.4/smallrye-config-3.13.4.jar:/home/yaz/.m2/repository/io/smallrye/config/smallrye-config-core/3.13.4/smallrye-config-core-3.13.4.jar:/home/yaz/.m2/repository/org/eclipse/microprofile/config/microprofile-config-api/3.1/microprofile-config-api-3.1.jar:/home/yaz/.m2/repository/io/smallrye/common/smallrye-common-classloader/2.13.9/smallrye-common-classloader-2.13.9.jar:/home/yaz/.m2/repository/io/smallrye/config/smallrye-config-common/3.13.4/smallrye-config-common-3.13.4.jar:/home/yaz/.m2/repository/org/jboss/logmanager/jboss-logmanager/3.1.2.Final/jboss-logmanager-3.1.2.Final.jar:/home/yaz/.m2/repository/jakarta/json/jakarta.json-api/2.1.3/jakarta.json-api-2.1.3.jar:/home/yaz/.m2/repository/org/eclipse/parsson/parsson/1.1.7/parsson-1.1.7.jar:/home/yaz/.m2/repository/org/jboss/threads/jboss-threads/3.9.1/jboss-threads-3.9.1.jar:/home/yaz/.m2/repository/org/slf4j/slf4j-api/2.0.17/slf4j-api-2.0.17.jar:/home/yaz/.m2/repository/org/jboss/slf4j/slf4j-jboss-logmanager/2.0.0.Final/slf4j-jboss-logmanager-2.0.0.Final.jar:/home/yaz/.m2/repository/io/quarkus/quarkus-bootstrap-runner/3.26.4/quarkus-bootstrap-runner-3.26.4.jar:/home/yaz/.m2/repository/org/crac/crac/1.5.0/crac-1.5.0.jar:/home/yaz/.m2/repository/io/quarkus/quarkus-fs-util/1.1.0/quarkus-fs-util-1.1.0.jar:/home/yaz/.m2/repository/io/github/openhtmltopdf/openhtmltopdf-core/1.1.16/openhtmltopdf-core-1.1.16.jar:/home/yaz/.m2/repository/io/github/openhtmltopdf/openhtmltopdf-pdfbox/1.1.16/openhtmltopdf-pdfbox-1.1.16.jar:/home/yaz/.m2/repository/org/apache/pdfbox/xmpbox/3.0.2/xmpbox-3.0.2.jar:/home/yaz/.m2/repository/commons-logging/commons-logging/1.3.0/commons-logging-1.3.0.jar:/home/yaz/.m2/repository/de/rototor/pdfbox/graphics2d/3.0.1/graphics2d-3.0.1.jar:/home/yaz/.m2/repository/io/github/openhtmltopdf/openhtmltopdf-java2d/1.1.16/openhtmltopdf-java2d-1.1.16.jar:/home/yaz/.m2/repository/io/quarkus/quarkus-junit5-internal/3.26.4/quarkus-junit5-internal-3.26.4.jar:/home/yaz/.m2/repository/org/jboss/shrinkwrap/shrinkwrap-api/1.2.6/shrinkwrap-api-1.2.6.jar:/home/yaz/.m2/repository/org/jboss/shrinkwrap/shrinkwrap-spi/1.2.6/shrinkwrap-spi-1.2.6.jar:/home/yaz/.m2/repository/org/jboss/shrinkwrap/shrinkwrap-impl-base/1.2.6/shrinkwrap-impl-base-1.2.6.jar:/home/yaz/.m2/repository/org/junit/jupiter/junit-jupiter-api/5.13.4/junit-jupiter-api-5.13.4.jar:/home/yaz/.m2/repository/org/opentest4j/opentest4j/1.3.0/opentest4j-1.3.0.jar:/home/yaz/.m2/repository/org/junit/platform/junit-platform-commons/1.13.4/junit-platform-commons-1.13.4.jar:/home/yaz/.m2/repository/org/apiguardian/apiguardian-api/1.1.2/apiguardian-api-1.1.2.jar:/home/yaz/.m2/repository/org/junit/jupiter/junit-jupiter-params/5.13.4/junit-jupiter-params-5.13.4.jar:/home/yaz/.m2/repository/org/junit/jupiter/junit-jupiter-engine/5.13.4/junit-jupiter-engine-5.13.4.jar:/home/yaz/.m2/repository/org/junit/platform/junit-platform-engine/1.13.4/junit-platform-engine-1.13.4.jar:/home/yaz/.m2/repository/io/quarkus/quarkus-junit5-config/3.26.4/quarkus-junit5-config-3.26.4.jar:/home/yaz/.m2/repository/io/quarkus/quarkus-test-common/3.26.4/quarkus-test-common-3.26.4.jar:/home/yaz/.m2/repository/io/quarkus/quarkus-bootstrap-maven-resolver/3.26.4/quarkus-bootstrap-maven-resolver-3.26.4.jar:/home/yaz/.m2/repository/io/smallrye/beanbag/smallrye-beanbag-maven/1.5.3/smallrye-beanbag-maven-1.5.3.jar:/home/yaz/.m2/repository/io/smallrye/beanbag/smallrye-beanbag-sisu/1.5.3/smallrye-beanbag-sisu-1.5.3.jar:/home/yaz/.m2/repository/io/smallrye/beanbag/smallrye-beanbag/1.5.3/smallrye-beanbag-1.5.3.jar:/home/yaz/.m2/repository/commons-codec/commons-codec/1.19.0/commons-codec-1.19.0.jar:/home/yaz/.m2/repository/javax/inject/javax.inject/1/javax.inject-1.jar:/home/yaz/.m2/repository/org/apache/httpcomponents/httpclient/4.5.14/httpclient-4.5.14.jar:/home/yaz/.m2/repository/org/apache/httpcomponents/httpcore/4.4.16/httpcore-4.4.16.jar:/home/yaz/.m2/repository/org/apache/maven/maven-artifact/3.9.9/maven-artifact-3.9.9.jar:/home/yaz/.m2/repository/org/apache/maven/maven-builder-support/3.9.9/maven-builder-support-3.9.9.jar:/home/yaz/.m2/repository/org/apache/maven/maven-model/3.9.9/maven-model-3.9.9.jar:/home/yaz/.m2/repository/org/apache/maven/maven-model-builder/3.9.9/maven-model-builder-3.9.9.jar:/home/yaz/.m2/repository/org/apache/maven/maven-repository-metadata/3.9.9/maven-repository-metadata-3.9.9.jar:/home/yaz/.m2/repository/org/apache/maven/maven-settings/3.9.9/maven-settings-3.9.9.jar:/home/yaz/.m2/repository/org/apache/maven/resolver/maven-resolver-api/1.9.22/maven-resolver-api-1.9.22.jar:/home/yaz/.m2/repository/org/apache/maven/resolver/maven-resolver-impl/1.9.22/maven-resolver-impl-1.9.22.jar:/home/yaz/.m2/repository/org/apache/maven/resolver/maven-resolver-named-locks/1.9.22/maven-resolver-named-locks-1.9.22.jar:/home/yaz/.m2/repository/org/apache/maven/resolver/maven-resolver-spi/1.9.22/maven-resolver-spi-1.9.22.jar:/home/yaz/.m2/repository/org/apache/maven/resolver/maven-resolver-util/1.9.22/maven-resolver-util-1.9.22.jar:/home/yaz/.m2/repository/org/apache/maven/resolver/maven-resolver-transport-http/1.9.23/maven-resolver-transport-http-1.9.23.jar:/home/yaz/.m2/repository/org/apache/maven/wagon/wagon-provider-api/3.5.3/wagon-provider-api-3.5.3.jar:/home/yaz/.m2/repository/org/apache/maven/wagon/wagon-http-shared/3.5.3/wagon-http-shared-3.5.3.jar:/home/yaz/.m2/repository/org/codehaus/plexus/plexus-interpolation/1.26/plexus-interpolation-1.26.jar:/home/yaz/.m2/repository/org/codehaus/plexus/plexus-utils/3.5.1/plexus-utils-3.5.1.jar:/home/yaz/.m2/repository/org/codehaus/plexus/plexus-xml/4.0.2/plexus-xml-4.0.2.jar:/home/yaz/.m2/repository/org/apache/maven/maven-xml-impl/4.0.0-alpha-7/maven-xml-impl-4.0.0-alpha-7.jar:/home/yaz/.m2/repository/org/apache/maven/maven-api-xml/4.0.0-alpha-7/maven-api-xml-4.0.0-alpha-7.jar:/home/yaz/.m2/repository/org/apache/maven/maven-api-meta/4.0.0-alpha-7/maven-api-meta-4.0.0-alpha-7.jar:/home/yaz/.m2/repository/org/codehaus/plexus/plexus-cipher/2.0/plexus-cipher-2.0.jar:/home/yaz/.m2/repository/org/codehaus/plexus/plexus-sec-dispatcher/2.0/plexus-sec-dispatcher-2.0.jar:/home/yaz/.m2/repository/io/quarkus/quarkus-bootstrap-maven4-resolver/3.26.4/quarkus-bootstrap-maven4-resolver-3.26.4.jar:/home/yaz/.m2/repository/org/apache/maven/maven-embedder/3.9.9/maven-embedder-3.9.9.jar:/home/yaz/.m2/repository/org/apache/maven/maven-core/3.9.9/maven-core-3.9.9.jar:/home/yaz/.m2/repository/org/codehaus/plexus/plexus-component-annotations/2.1.0/plexus-component-annotations-2.1.0.jar:/home/yaz/.m2/repository/org/apache/maven/maven-plugin-api/3.9.9/maven-plugin-api-3.9.9.jar:/home/yaz/.m2/repository/org/apache/maven/shared/maven-shared-utils/3.4.2/maven-shared-utils-3.4.2.jar:/home/yaz/.m2/repository/com/google/inject/guice/5.1.0/guice-5.1.0.jar:/home/yaz/.m2/repository/aopalliance/aopalliance/1.0/aopalliance-1.0.jar:/home/yaz/.m2/repository/com/google/guava/guava/33.4.8-jre/guava-33.4.8-jre.jar:/home/yaz/.m2/repository/org/jspecify/jspecify/1.0.0/jspecify-1.0.0.jar:/home/yaz/.m2/repository/com/google/guava/failureaccess/1.0.1/failureaccess-1.0.1.jar:/home/yaz/.m2/repository/javax/annotation/javax.annotation-api/1.3.2/javax.annotation-api-1.3.2.jar:/home/yaz/.m2/repository/org/codehaus/plexus/plexus-classworlds/2.6.0/plexus-classworlds-2.6.0.jar:/home/yaz/.m2/repository/commons-cli/commons-cli/1.8.0/commons-cli-1.8.0.jar:/home/yaz/.m2/repository/org/eclipse/sisu/org.eclipse.sisu.plexus/0.9.0.M4/org.eclipse.sisu.plexus-0.9.0.M4.jar:/home/yaz/.m2/repository/org/apache/maven/maven-settings-builder/3.9.9/maven-settings-builder-3.9.9.jar:/home/yaz/.m2/repository/org/apache/maven/maven-resolver-provider/3.9.9/maven-resolver-provider-3.9.9.jar:/home/yaz/.m2/repository/org/apache/maven/resolver/maven-resolver-connector-basic/1.9.22/maven-resolver-connector-basic-1.9.22.jar:/home/yaz/.m2/repository/org/apache/maven/resolver/maven-resolver-transport-wagon/1.9.22/maven-resolver-transport-wagon-1.9.22.jar:/home/yaz/.m2/repository/org/apache/maven/wagon/wagon-http/3.5.3/wagon-http-3.5.3.jar:/home/yaz/.m2/repository/org/apache/maven/wagon/wagon-file/3.5.3/wagon-file-3.5.3.jar:/home/yaz/.m2/repository/io/quarkus/quarkus-bootstrap-gradle-resolver/3.26.4/quarkus-bootstrap-gradle-resolver-3.26.4.jar:/home/yaz/.m2/repository/commons-io/commons-io/2.20.0/commons-io-2.20.0.jar:/home/yaz/.m2/repository/jakarta/enterprise/jakarta.enterprise.cdi-api/4.1.0/jakarta.enterprise.cdi-api-4.1.0.jar:/home/yaz/.m2/repository/jakarta/enterprise/jakarta.enterprise.lang-model/4.1.0/jakarta.enterprise.lang-model-4.1.0.jar:/home/yaz/.m2/repository/jakarta/el/jakarta.el-api/6.0.1/jakarta.el-api-6.0.1.jar:/home/yaz/.m2/repository/jakarta/interceptor/jakarta.interceptor-api/2.2.0/jakarta.interceptor-api-2.2.0.jar:/home/yaz/.m2/repository/org/awaitility/awaitility/4.3.0/awaitility-4.3.0.jar:/home/yaz/.m2/repository/org/hamcrest/hamcrest/2.2/hamcrest-2.2.jar:"/>
    <property name="java.vm.vendor" value="GraalVM Community"/>
    <property name="sun.arch.data.model" value="64"/>
    <property name="java.vendor.url" value="https://www.graalvm.org/"/>
    <property name="user.timezone" value="America/Caracas"/>
    <property name="logging.initial-configurator.min-level" value="500"/>
    <property name="os.name" value="Linux"/>
    <property name="java.vm.specification.version" value="21"/>
    <property name="sun.java.launcher" value="SUN_STANDARD"/>
    <property name="user.country" value="US"/>
    <property name="groovy.use.classvalue" value="false"/>
    <property name="sun.boot.library.path" value="/home/yaz/.sdkman/candidates/java/21.0.2-graalce/lib"/>
    <property name="sun.java.command" value="/home/yaz/workspace/personal/quarkus/ext-html-to-pdf/deployment/target/surefire/surefirebooter-20250922152031767_3.jar /home/yaz/workspace/personal/quarkus/ext-html-to-pdf/deployment/target/surefire 2025-09-22T15-20-31_183-jvmRun1 surefire-20250922152031767_1tmp surefire_0-20250922152031767_2tmp"/>
    <property name="maven.home" value="/home/yaz/.sdkman/candidates/maven/current"/>
    <property name="jdk.debug" value="release"/>
    <property name="surefire.test.class.path" value="/home/yaz/workspace/personal/quarkus/ext-html-to-pdf/deployment/target/test-classes:/home/yaz/workspace/personal/quarkus/ext-html-to-pdf/deployment/target/classes:/home/yaz/.m2/repository/io/quarkus/quarkus-arc-deployment/3.26.4/quarkus-arc-deployment-3.26.4.jar:/home/yaz/.m2/repository/io/quarkus/quarkus-core-deployment/3.26.4/quarkus-core-deployment-3.26.4.jar:/home/yaz/.m2/repository/io/quarkus/quarkus-classloader-commons/3.26.4/quarkus-classloader-commons-3.26.4.jar:/home/yaz/.m2/repository/org/aesh/readline/2.6/readline-2.6.jar:/home/yaz/.m2/repository/org/fusesource/jansi/jansi/2.4.0/jansi-2.4.0.jar:/home/yaz/.m2/repository/org/aesh/aesh/2.8.2/aesh-2.8.2.jar:/home/yaz/.m2/repository/org/apache/commons/commons-lang3/3.18.0/commons-lang3-3.18.0.jar:/home/yaz/.m2/repository/org/wildfly/common/wildfly-common/2.0.1/wildfly-common-2.0.1.jar:/home/yaz/.m2/repository/io/smallrye/common/smallrye-common-cpu/2.13.9/smallrye-common-cpu-2.13.9.jar:/home/yaz/.m2/repository/io/smallrye/common/smallrye-common-expression/2.13.9/smallrye-common-expression-2.13.9.jar:/home/yaz/.m2/repository/io/smallrye/common/smallrye-common-net/2.13.9/smallrye-common-net-2.13.9.jar:/home/yaz/.m2/repository/io/smallrye/common/smallrye-common-ref/2.13.9/smallrye-common-ref-2.13.9.jar:/home/yaz/.m2/repository/io/quarkus/gizmo/gizmo/1.9.0/gizmo-1.9.0.jar:/home/yaz/.m2/repository/org/ow2/asm/asm-util/9.8/asm-util-9.8.jar:/home/yaz/.m2/repository/org/ow2/asm/asm-analysis/9.8/asm-analysis-9.8.jar:/home/yaz/.m2/repository/io/quarkus/gizmo/gizmo2/2.0.0.Beta6/gizmo2-2.0.0.Beta6.jar:/home/yaz/.m2/repository/io/github/dmlloyd/jdk-classfile-backport/24.0/jdk-classfile-backport-24.0.jar:/home/yaz/.m2/repository/io/smallrye/common/smallrye-common-constraint/2.13.9/smallrye-common-constraint-2.13.9.jar:/home/yaz/.m2/repository/io/smallrye/common/smallrye-common-resource/2.13.9/smallrye-common-resource-2.13.9.jar:/home/yaz/.m2/repository/io/smallrye/jandex/3.4.0/jandex-3.4.0.jar:/home/yaz/.m2/repository/io/smallrye/jandex-gizmo2/3.4.0/jandex-gizmo2-3.4.0.jar:/home/yaz/.m2/repository/io/smallrye/common/smallrye-common-os/2.13.9/smallrye-common-os-2.13.9.jar:/home/yaz/.m2/repository/io/smallrye/common/smallrye-common-process/2.13.9/smallrye-common-process-2.13.9.jar:/home/yaz/.m2/repository/io/smallrye/common/smallrye-common-function/2.13.9/smallrye-common-function-2.13.9.jar:/home/yaz/.m2/repository/org/ow2/asm/asm/9.8/asm-9.8.jar:/home/yaz/.m2/repository/org/ow2/asm/asm-commons/9.8/asm-commons-9.8.jar:/home/yaz/.m2/repository/org/ow2/asm/asm-tree/9.8/asm-tree-9.8.jar:/home/yaz/.m2/repository/io/quarkus/quarkus-development-mode-spi/3.26.4/quarkus-development-mode-spi-3.26.4.jar:/home/yaz/.m2/repository/io/quarkus/quarkus-hibernate-validator-spi/3.26.4/quarkus-hibernate-validator-spi-3.26.4.jar:/home/yaz/.m2/repository/io/quarkus/quarkus-class-change-agent/3.26.4/quarkus-class-change-agent-3.26.4.jar:/home/yaz/.m2/repository/io/quarkus/quarkus-bootstrap-core/3.26.4/quarkus-bootstrap-core-3.26.4.jar:/home/yaz/.m2/repository/io/quarkus/quarkus-bootstrap-app-model/3.26.4/quarkus-bootstrap-app-model-3.26.4.jar:/home/yaz/.m2/repository/io/smallrye/common/smallrye-common-io/2.13.9/smallrye-common-io-2.13.9.jar:/home/yaz/.m2/repository/org/eclipse/sisu/org.eclipse.sisu.inject/0.9.0.M4/org.eclipse.sisu.inject-0.9.0.M4.jar:/home/yaz/.m2/repository/io/quarkus/quarkus-builder/3.26.4/quarkus-builder-3.26.4.jar:/home/yaz/.m2/repository/org/graalvm/sdk/nativeimage/23.1.2/nativeimage-23.1.2.jar:/home/yaz/.m2/repository/org/graalvm/sdk/word/23.1.2/word-23.1.2.jar:/home/yaz/.m2/repository/org/junit/platform/junit-platform-launcher/1.13.4/junit-platform-launcher-1.13.4.jar:/home/yaz/.m2/repository/org/junit/jupiter/junit-jupiter/5.13.4/junit-jupiter-5.13.4.jar:/home/yaz/.m2/repository/io/quarkus/quarkus-smallrye-context-propagation-spi/3.26.4/quarkus-smallrye-context-propagation-spi-3.26.4.jar:/home/yaz/.m2/repository/org/eclipse/microprofile/context-propagation/microprofile-context-propagation-api/1.3/microprofile-context-propagation-api-1.3.jar:/home/yaz/.m2/repository/io/quarkus/quarkus-devui-deployment-spi/3.26.4/quarkus-devui-deployment-spi-3.26.4.jar:/home/yaz/.m2/repository/io/quarkus/quarkus-arc/3.26.4/quarkus-arc-3.26.4.jar:/home/yaz/.m2/repository/io/quarkus/arc/arc/3.26.4/arc-3.26.4.jar:/home/yaz/.m2/repository/jakarta/transaction/jakarta.transaction-api/2.0.1/jakarta.transaction-api-2.0.1.jar:/home/yaz/.m2/repository/io/smallrye/reactive/mutiny/2.9.4/mutiny-2.9.4.jar:/home/yaz/.m2/repository/org/jctools/jctools-core/4.0.5/jctools-core-4.0.5.jar:/home/yaz/.m2/repository/io/quarkus/quarkus-arc-dev/3.26.4/quarkus-arc-dev-3.26.4.jar:/home/yaz/.m2/repository/io/quarkus/arc/arc-processor/3.26.4/arc-processor-3.26.4.jar:/home/yaz/.m2/repository/org/jboss/logging/jboss-logging/3.6.1.Final/jboss-logging-3.6.1.Final.jar:/home/yaz/.m2/repository/io/smallrye/common/smallrye-common-annotation/2.13.9/smallrye-common-annotation-2.13.9.jar:/home/yaz/.m2/repository/jakarta/annotation/jakarta.annotation-api/3.0.0/jakarta.annotation-api-3.0.0.jar:/home/yaz/.m2/repository/io/quarkiverse/pdfbox/quarkus-pdfbox-deployment/1.1.1/quarkus-pdfbox-deployment-1.1.1.jar:/home/yaz/.m2/repository/io/quarkiverse/pdfbox/quarkus-pdfbox/1.1.1/quarkus-pdfbox-1.1.1.jar:/home/yaz/.m2/repository/org/apache/pdfbox/pdfbox/3.0.5/pdfbox-3.0.5.jar:/home/yaz/.m2/repository/org/apache/pdfbox/pdfbox-io/3.0.5/pdfbox-io-3.0.5.jar:/home/yaz/.m2/repository/org/apache/pdfbox/fontbox/3.0.5/fontbox-3.0.5.jar:/home/yaz/.m2/repository/org/apache/pdfbox/pdfbox-tools/3.0.5/pdfbox-tools-3.0.5.jar:/home/yaz/.m2/repository/org/apache/pdfbox/pdfbox-debugger/3.0.5/pdfbox-debugger-3.0.5.jar:/home/yaz/.m2/repository/org/bouncycastle/bcpkix-jdk18on/1.81/bcpkix-jdk18on-1.81.jar:/home/yaz/.m2/repository/org/bouncycastle/bcutil-jdk18on/1.81/bcutil-jdk18on-1.81.jar:/home/yaz/.m2/repository/org/bouncycastle/bcprov-jdk18on/1.81/bcprov-jdk18on-1.81.jar:/home/yaz/.m2/repository/org/jboss/logging/commons-logging-jboss-logging/1.0.0.Final/commons-logging-jboss-logging-1.0.0.Final.jar:/home/yaz/.m2/repository/io/quarkus/quarkus-awt-deployment/3.26.4/quarkus-awt-deployment-3.26.4.jar:/home/yaz/.m2/repository/io/quarkus/quarkus-awt/3.26.4/quarkus-awt-3.26.4.jar:/home/yaz/workspace/personal/quarkus/ext-html-to-pdf/runtime/target/ext-html-to-pdf-1.0.0-SNAPSHOT.jar:/home/yaz/.m2/repository/io/quarkus/quarkus-core/3.26.4/quarkus-core-3.26.4.jar:/home/yaz/.m2/repository/jakarta/inject/jakarta.inject-api/2.0.1/jakarta.inject-api-2.0.1.jar:/home/yaz/.m2/repository/io/quarkus/quarkus-ide-launcher/3.26.4/quarkus-ide-launcher-3.26.4.jar:/home/yaz/.m2/repository/io/smallrye/config/smallrye-config/3.13.4/smallrye-config-3.13.4.jar:/home/yaz/.m2/repository/io/smallrye/config/smallrye-config-core/3.13.4/smallrye-config-core-3.13.4.jar:/home/yaz/.m2/repository/org/eclipse/microprofile/config/microprofile-config-api/3.1/microprofile-config-api-3.1.jar:/home/yaz/.m2/repository/io/smallrye/common/smallrye-common-classloader/2.13.9/smallrye-common-classloader-2.13.9.jar:/home/yaz/.m2/repository/io/smallrye/config/smallrye-config-common/3.13.4/smallrye-config-common-3.13.4.jar:/home/yaz/.m2/repository/org/jboss/logmanager/jboss-logmanager/3.1.2.Final/jboss-logmanager-3.1.2.Final.jar:/home/yaz/.m2/repository/jakarta/json/jakarta.json-api/2.1.3/jakarta.json-api-2.1.3.jar:/home/yaz/.m2/repository/org/eclipse/parsson/parsson/1.1.7/parsson-1.1.7.jar:/home/yaz/.m2/repository/org/jboss/threads/jboss-threads/3.9.1/jboss-threads-3.9.1.jar:/home/yaz/.m2/repository/org/slf4j/slf4j-api/2.0.17/slf4j-api-2.0.17.jar:/home/yaz/.m2/repository/org/jboss/slf4j/slf4j-jboss-logmanager/2.0.0.Final/slf4j-jboss-logmanager-2.0.0.Final.jar:/home/yaz/.m2/repository/io/quarkus/quarkus-bootstrap-runner/3.26.4/quarkus-bootstrap-runner-3.26.4.jar:/home/yaz/.m2/repository/org/crac/crac/1.5.0/crac-1.5.0.jar:/home/yaz/.m2/repository/io/quarkus/quarkus-fs-util/1.1.0/quarkus-fs-util-1.1.0.jar:/home/yaz/.m2/repository/io/github/openhtmltopdf/openhtmltopdf-core/1.1.16/openhtmltopdf-core-1.1.16.jar:/home/yaz/.m2/repository/io/github/openhtmltopdf/openhtmltopdf-pdfbox/1.1.16/openhtmltopdf-pdfbox-1.1.16.jar:/home/yaz/.m2/repository/org/apache/pdfbox/xmpbox/3.0.2/xmpbox-3.0.2.jar:/home/yaz/.m2/repository/commons-logging/commons-logging/1.3.0/commons-logging-1.3.0.jar:/home/yaz/.m2/repository/de/rototor/pdfbox/graphics2d/3.0.1/graphics2d-3.0.1.jar:/home/yaz/.m2/repository/io/github/openhtmltopdf/openhtmltopdf-java2d/1.1.16/openhtmltopdf-java2d-1.1.16.jar:/home/yaz/.m2/repository/io/quarkus/quarkus-junit5-internal/3.26.4/quarkus-junit5-internal-3.26.4.jar:/home/yaz/.m2/repository/org/jboss/shrinkwrap/shrinkwrap-api/1.2.6/shrinkwrap-api-1.2.6.jar:/home/yaz/.m2/repository/org/jboss/shrinkwrap/shrinkwrap-spi/1.2.6/shrinkwrap-spi-1.2.6.jar:/home/yaz/.m2/repository/org/jboss/shrinkwrap/shrinkwrap-impl-base/1.2.6/shrinkwrap-impl-base-1.2.6.jar:/home/yaz/.m2/repository/org/junit/jupiter/junit-jupiter-api/5.13.4/junit-jupiter-api-5.13.4.jar:/home/yaz/.m2/repository/org/opentest4j/opentest4j/1.3.0/opentest4j-1.3.0.jar:/home/yaz/.m2/repository/org/junit/platform/junit-platform-commons/1.13.4/junit-platform-commons-1.13.4.jar:/home/yaz/.m2/repository/org/apiguardian/apiguardian-api/1.1.2/apiguardian-api-1.1.2.jar:/home/yaz/.m2/repository/org/junit/jupiter/junit-jupiter-params/5.13.4/junit-jupiter-params-5.13.4.jar:/home/yaz/.m2/repository/org/junit/jupiter/junit-jupiter-engine/5.13.4/junit-jupiter-engine-5.13.4.jar:/home/yaz/.m2/repository/org/junit/platform/junit-platform-engine/1.13.4/junit-platform-engine-1.13.4.jar:/home/yaz/.m2/repository/io/quarkus/quarkus-junit5-config/3.26.4/quarkus-junit5-config-3.26.4.jar:/home/yaz/.m2/repository/io/quarkus/quarkus-test-common/3.26.4/quarkus-test-common-3.26.4.jar:/home/yaz/.m2/repository/io/quarkus/quarkus-bootstrap-maven-resolver/3.26.4/quarkus-bootstrap-maven-resolver-3.26.4.jar:/home/yaz/.m2/repository/io/smallrye/beanbag/smallrye-beanbag-maven/1.5.3/smallrye-beanbag-maven-1.5.3.jar:/home/yaz/.m2/repository/io/smallrye/beanbag/smallrye-beanbag-sisu/1.5.3/smallrye-beanbag-sisu-1.5.3.jar:/home/yaz/.m2/repository/io/smallrye/beanbag/smallrye-beanbag/1.5.3/smallrye-beanbag-1.5.3.jar:/home/yaz/.m2/repository/commons-codec/commons-codec/1.19.0/commons-codec-1.19.0.jar:/home/yaz/.m2/repository/javax/inject/javax.inject/1/javax.inject-1.jar:/home/yaz/.m2/repository/org/apache/httpcomponents/httpclient/4.5.14/httpclient-4.5.14.jar:/home/yaz/.m2/repository/org/apache/httpcomponents/httpcore/4.4.16/httpcore-4.4.16.jar:/home/yaz/.m2/repository/org/apache/maven/maven-artifact/3.9.9/maven-artifact-3.9.9.jar:/home/yaz/.m2/repository/org/apache/maven/maven-builder-support/3.9.9/maven-builder-support-3.9.9.jar:/home/yaz/.m2/repository/org/apache/maven/maven-model/3.9.9/maven-model-3.9.9.jar:/home/yaz/.m2/repository/org/apache/maven/maven-model-builder/3.9.9/maven-model-builder-3.9.9.jar:/home/yaz/.m2/repository/org/apache/maven/maven-repository-metadata/3.9.9/maven-repository-metadata-3.9.9.jar:/home/yaz/.m2/repository/org/apache/maven/maven-settings/3.9.9/maven-settings-3.9.9.jar:/home/yaz/.m2/repository/org/apache/maven/resolver/maven-resolver-api/1.9.22/maven-resolver-api-1.9.22.jar:/home/yaz/.m2/repository/org/apache/maven/resolver/maven-resolver-impl/1.9.22/maven-resolver-impl-1.9.22.jar:/home/yaz/.m2/repository/org/apache/maven/resolver/maven-resolver-named-locks/1.9.22/maven-resolver-named-locks-1.9.22.jar:/home/yaz/.m2/repository/org/apache/maven/resolver/maven-resolver-spi/1.9.22/maven-resolver-spi-1.9.22.jar:/home/yaz/.m2/repository/org/apache/maven/resolver/maven-resolver-util/1.9.22/maven-resolver-util-1.9.22.jar:/home/yaz/.m2/repository/org/apache/maven/resolver/maven-resolver-transport-http/1.9.23/maven-resolver-transport-http-1.9.23.jar:/home/yaz/.m2/repository/org/apache/maven/wagon/wagon-provider-api/3.5.3/wagon-provider-api-3.5.3.jar:/home/yaz/.m2/repository/org/apache/maven/wagon/wagon-http-shared/3.5.3/wagon-http-shared-3.5.3.jar:/home/yaz/.m2/repository/org/codehaus/plexus/plexus-interpolation/1.26/plexus-interpolation-1.26.jar:/home/yaz/.m2/repository/org/codehaus/plexus/plexus-utils/3.5.1/plexus-utils-3.5.1.jar:/home/yaz/.m2/repository/org/codehaus/plexus/plexus-xml/4.0.2/plexus-xml-4.0.2.jar:/home/yaz/.m2/repository/org/apache/maven/maven-xml-impl/4.0.0-alpha-7/maven-xml-impl-4.0.0-alpha-7.jar:/home/yaz/.m2/repository/org/apache/maven/maven-api-xml/4.0.0-alpha-7/maven-api-xml-4.0.0-alpha-7.jar:/home/yaz/.m2/repository/org/apache/maven/maven-api-meta/4.0.0-alpha-7/maven-api-meta-4.0.0-alpha-7.jar:/home/yaz/.m2/repository/org/codehaus/plexus/plexus-cipher/2.0/plexus-cipher-2.0.jar:/home/yaz/.m2/repository/org/codehaus/plexus/plexus-sec-dispatcher/2.0/plexus-sec-dispatcher-2.0.jar:/home/yaz/.m2/repository/io/quarkus/quarkus-bootstrap-maven4-resolver/3.26.4/quarkus-bootstrap-maven4-resolver-3.26.4.jar:/home/yaz/.m2/repository/org/apache/maven/maven-embedder/3.9.9/maven-embedder-3.9.9.jar:/home/yaz/.m2/repository/org/apache/maven/maven-core/3.9.9/maven-core-3.9.9.jar:/home/yaz/.m2/repository/org/codehaus/plexus/plexus-component-annotations/2.1.0/plexus-component-annotations-2.1.0.jar:/home/yaz/.m2/repository/org/apache/maven/maven-plugin-api/3.9.9/maven-plugin-api-3.9.9.jar:/home/yaz/.m2/repository/org/apache/maven/shared/maven-shared-utils/3.4.2/maven-shared-utils-3.4.2.jar:/home/yaz/.m2/repository/com/google/inject/guice/5.1.0/guice-5.1.0.jar:/home/yaz/.m2/repository/aopalliance/aopalliance/1.0/aopalliance-1.0.jar:/home/yaz/.m2/repository/com/google/guava/guava/33.4.8-jre/guava-33.4.8-jre.jar:/home/yaz/.m2/repository/org/jspecify/jspecify/1.0.0/jspecify-1.0.0.jar:/home/yaz/.m2/repository/com/google/guava/failureaccess/1.0.1/failureaccess-1.0.1.jar:/home/yaz/.m2/repository/javax/annotation/javax.annotation-api/1.3.2/javax.annotation-api-1.3.2.jar:/home/yaz/.m2/repository/org/codehaus/plexus/plexus-classworlds/2.6.0/plexus-classworlds-2.6.0.jar:/home/yaz/.m2/repository/commons-cli/commons-cli/1.8.0/commons-cli-1.8.0.jar:/home/yaz/.m2/repository/org/eclipse/sisu/org.eclipse.sisu.plexus/0.9.0.M4/org.eclipse.sisu.plexus-0.9.0.M4.jar:/home/yaz/.m2/repository/org/apache/maven/maven-settings-builder/3.9.9/maven-settings-builder-3.9.9.jar:/home/yaz/.m2/repository/org/apache/maven/maven-resolver-provider/3.9.9/maven-resolver-provider-3.9.9.jar:/home/yaz/.m2/repository/org/apache/maven/resolver/maven-resolver-connector-basic/1.9.22/maven-resolver-connector-basic-1.9.22.jar:/home/yaz/.m2/repository/org/apache/maven/resolver/maven-resolver-transport-wagon/1.9.22/maven-resolver-transport-wagon-1.9.22.jar:/home/yaz/.m2/repository/org/apache/maven/wagon/wagon-http/3.5.3/wagon-http-3.5.3.jar:/home/yaz/.m2/repository/org/apache/maven/wagon/wagon-file/3.5.3/wagon-file-3.5.3.jar:/home/yaz/.m2/repository/io/quarkus/quarkus-bootstrap-gradle-resolver/3.26.4/quarkus-bootstrap-gradle-resolver-3.26.4.jar:/home/yaz/.m2/repository/commons-io/commons-io/2.20.0/commons-io-2.20.0.jar:/home/yaz/.m2/repository/jakarta/enterprise/jakarta.enterprise.cdi-api/4.1.0/jakarta.enterprise.cdi-api-4.1.0.jar:/home/yaz/.m2/repository/jakarta/enterprise/jakarta.enterprise.lang-model/4.1.0/jakarta.enterprise.lang-model-4.1.0.jar:/home/yaz/.m2/repository/jakarta/el/jakarta.el-api/6.0.1/jakarta.el-api-6.0.1.jar:/home/yaz/.m2/repository/jakarta/interceptor/jakarta.interceptor-api/2.2.0/jakarta.interceptor-api-2.2.0.jar:/home/yaz/.m2/repository/org/awaitility/awaitility/4.3.0/awaitility-4.3.0.jar:/home/yaz/.m2/repository/org/hamcrest/hamcrest/2.2/hamcrest-2.2.jar:"/>
    <property name="sun.cpu.endian" value="little"/>
    <property name="user.home" value="/home/yaz"/>
    <property name="user.language" value="en"/>
    <property name="jboss.log-version" value="false"/>
    <property name="java.specification.vendor" value="Oracle Corporation"/>
    <property name="java.version.date" value="2024-01-16"/>
    <property name="java.home" value="/home/yaz/.sdkman/candidates/java/21.0.2-graalce"/>
    <property name="file.separator" value="/"/>
    <property name="basedir" value="/home/yaz/workspace/personal/quarkus/ext-html-to-pdf/deployment"/>
    <property name="maven.repo" value="/home/yaz/.m2/repository"/>
    <property name="java.vm.compressedOopsMode" value="Zero based"/>
    <property name="jdk.internal.vm.ci.enabled" value="true"/>
    <property name="line.separator" value="&#10;"/>
    <property name="java.vm.specification.vendor" value="Oracle Corporation"/>
    <property name="java.specification.name" value="Java Platform API Specification"/>
    <property name="surefire.real.class.path" value="/home/yaz/workspace/personal/quarkus/ext-html-to-pdf/deployment/target/surefire/surefirebooter-20250922152031767_3.jar"/>
    <property name="sun.management.compiler" value="HotSpot 64-Bit Tiered Compilers"/>
    <property name="java.runtime.version" value="21.0.2+13-jvmci-23.1-b30"/>
    <property name="user.name" value="yaz"/>
    <property name="stdout.encoding" value="UTF-8"/>
    <property name="path.separator" value=":"/>
    <property name="os.version" value="6.14.0-29-generic"/>
    <property name="java.runtime.name" value="OpenJDK Runtime Environment"/>
    <property name="file.encoding" value="UTF-8"/>
    <property name="java.vm.name" value="OpenJDK 64-Bit Server VM"/>
    <property name="java.vendor.version" value="GraalVM CE 21.0.2+13.1"/>
    <property name="localRepository" value="/home/yaz/.m2/repository"/>
    <property name="java.vendor.url.bug" value="https://github.com/oracle/graal/issues"/>
    <property name="java.io.tmpdir" value="/tmp"/>
    <property name="quarkus.log.file.path" value="target/quarkus.log"/>
    <property name="java.version" value="21.0.2"/>
    <property name="java.util.concurrent.ForkJoinPool.common.threadFactory" value="io.quarkus.bootstrap.forkjoin.QuarkusForkJoinWorkerThreadFactory"/>
    <property name="user.dir" value="/home/yaz/workspace/personal/quarkus/ext-html-to-pdf/deployment"/>
    <property name="os.arch" value="amd64"/>
    <property name="java.vm.specification.name" value="Java Virtual Machine Specification"/>
    <property name="native.encoding" value="UTF-8"/>
    <property name="java.util.logging.manager" value="org.jboss.logmanager.LogManager"/>
    <property name="java.library.path" value="/usr/java/packages/lib:/usr/lib64:/lib64:/lib:/usr/lib"/>
    <property name="jdk.console" value="java.base"/>
    <property name="java.vm.info" value="mixed mode, sharing"/>
    <property name="stderr.encoding" value="UTF-8"/>
    <property name="java.vendor" value="GraalVM Community"/>
    <property name="java.vm.version" value="21.0.2+13-jvmci-23.1-b30"/>
    <property name="sun.io.unicode.encoding" value="UnicodeLittle"/>
    <property name="java.class.version" value="65.0"/>
  </properties>
  <testcase name="writeYourOwnUnitTest" classname="com.yaz.ext.html.to.pdf.test.ExtHtmlToPdfTest" time="0.01">
    <system-out><![CDATA[2025-09-22 15:20:34,148 INFO  [io.quarkus] (main) ext-html-to-pdf-deployment 1.0.0-SNAPSHOT on JVM (powered by Quarkus 3.26.4) started in 0.099s. 
2025-09-22 15:20:34,150 INFO  [io.quarkus] (main) Profile test activated. 
2025-09-22 15:20:34,150 INFO  [io.quarkus] (main) Installed features: [awt, cdi, ext-html-to-pdf, pdfbox]
]]></system-out>
  </testcase>
</testsuite>